{"C:\\Users\\gabil\\Programación\\typescript\\filtradoColaborativo\\src\\functions.ts":{"path":"C:\\Users\\gabil\\Programación\\typescript\\filtradoColaborativo\\src\\functions.ts","statementMap":{"0":{"start":{"line":2,"column":22},"end":{"line":12,"column":3}},"1":{"start":{"line":3,"column":4},"end":{"line":3,"column":33}},"2":{"start":{"line":3,"column":26},"end":{"line":3,"column":33}},"3":{"start":{"line":4,"column":15},"end":{"line":4,"column":52}},"4":{"start":{"line":5,"column":4},"end":{"line":7,"column":5}},"5":{"start":{"line":6,"column":6},"end":{"line":6,"column":68}},"6":{"start":{"line":6,"column":51},"end":{"line":6,"column":63}},"7":{"start":{"line":8,"column":4},"end":{"line":8,"column":39}},"8":{"start":{"line":10,"column":4},"end":{"line":10,"column":33}},"9":{"start":{"line":10,"column":26},"end":{"line":10,"column":33}},"10":{"start":{"line":11,"column":4},"end":{"line":11,"column":17}},"11":{"start":{"line":13,"column":25},"end":{"line":17,"column":2}},"12":{"start":{"line":14,"column":4},"end":{"line":14,"column":72}},"13":{"start":{"line":16,"column":4},"end":{"line":16,"column":21}},"14":{"start":{"line":18,"column":19},"end":{"line":24,"column":1}},"15":{"start":{"line":19,"column":4},"end":{"line":19,"column":42}},"16":{"start":{"line":19,"column":31},"end":{"line":19,"column":42}},"17":{"start":{"line":20,"column":17},"end":{"line":20,"column":19}},"18":{"start":{"line":21,"column":4},"end":{"line":21,"column":141}},"19":{"start":{"line":21,"column":21},"end":{"line":21,"column":141}},"20":{"start":{"line":21,"column":40},"end":{"line":21,"column":141}},"21":{"start":{"line":21,"column":109},"end":{"line":21,"column":141}},"22":{"start":{"line":22,"column":4},"end":{"line":22,"column":36}},"23":{"start":{"line":23,"column":4},"end":{"line":23,"column":18}},"24":{"start":{"line":25,"column":0},"end":{"line":25,"column":62}},"25":{"start":{"line":26,"column":0},"end":{"line":26,"column":134}},"26":{"start":{"line":27,"column":11},"end":{"line":27,"column":38}},"27":{"start":{"line":29,"column":19},"end":{"line":29,"column":25}},"28":{"start":{"line":30,"column":4},"end":{"line":36,"column":5}},"29":{"start":{"line":30,"column":17},"end":{"line":30,"column":18}},"30":{"start":{"line":31,"column":8},"end":{"line":35,"column":9}},"31":{"start":{"line":31,"column":21},"end":{"line":31,"column":22}},"32":{"start":{"line":32,"column":12},"end":{"line":34,"column":13}},"33":{"start":{"line":33,"column":16},"end":{"line":33,"column":87}},"34":{"start":{"line":37,"column":4},"end":{"line":37,"column":18}},"35":{"start":{"line":39,"column":0},"end":{"line":39,"column":22}},"36":{"start":{"line":41,"column":30},"end":{"line":41,"column":60}},"37":{"start":{"line":42,"column":23},"end":{"line":42,"column":72}},"38":{"start":{"line":43,"column":17},"end":{"line":43,"column":34}},"39":{"start":{"line":44,"column":20},"end":{"line":44,"column":21}},"40":{"start":{"line":45,"column":22},"end":{"line":45,"column":23}},"41":{"start":{"line":46,"column":4},"end":{"line":51,"column":5}},"42":{"start":{"line":46,"column":17},"end":{"line":46,"column":18}},"43":{"start":{"line":47,"column":21},"end":{"line":47,"column":53}},"44":{"start":{"line":48,"column":8},"end":{"line":49,"column":68}},"45":{"start":{"line":50,"column":8},"end":{"line":50,"column":50}},"46":{"start":{"line":52,"column":4},"end":{"line":52,"column":44}},"47":{"start":{"line":54,"column":0},"end":{"line":54,"column":40}},"48":{"start":{"line":56,"column":29},"end":{"line":56,"column":31}},"49":{"start":{"line":57,"column":17},"end":{"line":57,"column":34}},"50":{"start":{"line":58,"column":4},"end":{"line":79,"column":5}},"51":{"start":{"line":58,"column":17},"end":{"line":58,"column":18}},"52":{"start":{"line":59,"column":8},"end":{"line":78,"column":9}},"53":{"start":{"line":60,"column":25},"end":{"line":60,"column":53}},"54":{"start":{"line":61,"column":28},"end":{"line":61,"column":29}},"55":{"start":{"line":62,"column":35},"end":{"line":62,"column":36}},"56":{"start":{"line":63,"column":36},"end":{"line":63,"column":37}},"57":{"start":{"line":64,"column":12},"end":{"line":72,"column":13}},"58":{"start":{"line":64,"column":25},"end":{"line":64,"column":26}},"59":{"start":{"line":65,"column":16},"end":{"line":71,"column":17}},"60":{"start":{"line":67,"column":20},"end":{"line":68,"column":70}},"61":{"start":{"line":69,"column":20},"end":{"line":69,"column":75}},"62":{"start":{"line":70,"column":20},"end":{"line":70,"column":76}},"63":{"start":{"line":73,"column":12},"end":{"line":74,"column":78}},"64":{"start":{"line":77,"column":12},"end":{"line":77,"column":40}},"65":{"start":{"line":80,"column":4},"end":{"line":80,"column":28}},"66":{"start":{"line":82,"column":0},"end":{"line":82,"column":44}},"67":{"start":{"line":84,"column":14},"end":{"line":84,"column":15}},"68":{"start":{"line":85,"column":20},"end":{"line":85,"column":21}},"69":{"start":{"line":86,"column":4},"end":{"line":93,"column":5}},"70":{"start":{"line":86,"column":17},"end":{"line":86,"column":18}},"71":{"start":{"line":87,"column":8},"end":{"line":92,"column":9}},"72":{"start":{"line":88,"column":12},"end":{"line":88,"column":26}},"73":{"start":{"line":91,"column":12},"end":{"line":91,"column":24}},"74":{"start":{"line":94,"column":4},"end":{"line":94,"column":42}},"75":{"start":{"line":96,"column":0},"end":{"line":96,"column":24}},"76":{"start":{"line":98,"column":19},"end":{"line":98,"column":21}},"77":{"start":{"line":99,"column":4},"end":{"line":110,"column":5}},"78":{"start":{"line":99,"column":17},"end":{"line":99,"column":18}},"79":{"start":{"line":100,"column":18},"end":{"line":100,"column":27}},"80":{"start":{"line":101,"column":23},"end":{"line":101,"column":25}},"81":{"start":{"line":102,"column":8},"end":{"line":107,"column":9}},"82":{"start":{"line":102,"column":21},"end":{"line":102,"column":22}},"83":{"start":{"line":103,"column":12},"end":{"line":106,"column":13}},"84":{"start":{"line":104,"column":16},"end":{"line":104,"column":32}},"85":{"start":{"line":105,"column":16},"end":{"line":105,"column":29}},"86":{"start":{"line":108,"column":8},"end":{"line":108,"column":37}},"87":{"start":{"line":109,"column":8},"end":{"line":109,"column":37}},"88":{"start":{"line":111,"column":4},"end":{"line":111,"column":18}},"89":{"start":{"line":113,"column":0},"end":{"line":113,"column":32}},"90":{"start":{"line":115,"column":4},"end":{"line":117,"column":5}},"91":{"start":{"line":116,"column":8},"end":{"line":116,"column":47}},"92":{"start":{"line":118,"column":17},"end":{"line":118,"column":46}},"93":{"start":{"line":119,"column":4},"end":{"line":121,"column":5}},"94":{"start":{"line":120,"column":8},"end":{"line":120,"column":41}},"95":{"start":{"line":122,"column":17},"end":{"line":122,"column":40}},"96":{"start":{"line":123,"column":4},"end":{"line":125,"column":5}},"97":{"start":{"line":124,"column":8},"end":{"line":124,"column":61}},"98":{"start":{"line":126,"column":19},"end":{"line":126,"column":21}},"99":{"start":{"line":127,"column":20},"end":{"line":127,"column":52}},"100":{"start":{"line":128,"column":4},"end":{"line":145,"column":5}},"101":{"start":{"line":128,"column":17},"end":{"line":128,"column":18}},"102":{"start":{"line":129,"column":21},"end":{"line":129,"column":46}},"103":{"start":{"line":130,"column":8},"end":{"line":132,"column":9}},"104":{"start":{"line":131,"column":12},"end":{"line":131,"column":68}},"105":{"start":{"line":133,"column":8},"end":{"line":133,"column":24}},"106":{"start":{"line":134,"column":8},"end":{"line":144,"column":9}},"107":{"start":{"line":134,"column":21},"end":{"line":134,"column":22}},"108":{"start":{"line":135,"column":12},"end":{"line":143,"column":13}},"109":{"start":{"line":136,"column":16},"end":{"line":136,"column":37}},"110":{"start":{"line":138,"column":17},"end":{"line":143,"column":13}},"111":{"start":{"line":139,"column":16},"end":{"line":139,"column":54}},"112":{"start":{"line":142,"column":16},"end":{"line":142,"column":50}},"113":{"start":{"line":146,"column":4},"end":{"line":146,"column":18}},"114":{"start":{"line":148,"column":0},"end":{"line":148,"column":32}}},"fnMap":{"0":{"name":"(anonymous_0)","decl":{"start":{"line":2,"column":74},"end":{"line":2,"column":75}},"loc":{"start":{"line":2,"column":96},"end":{"line":9,"column":1}},"line":2},"1":{"name":"(anonymous_1)","decl":{"start":{"line":6,"column":38},"end":{"line":6,"column":39}},"loc":{"start":{"line":6,"column":49},"end":{"line":6,"column":65}},"line":6},"2":{"name":"(anonymous_2)","decl":{"start":{"line":9,"column":6},"end":{"line":9,"column":7}},"loc":{"start":{"line":9,"column":28},"end":{"line":12,"column":1}},"line":9},"3":{"name":"(anonymous_3)","decl":{"start":{"line":13,"column":80},"end":{"line":13,"column":81}},"loc":{"start":{"line":13,"column":95},"end":{"line":15,"column":1}},"line":13},"4":{"name":"(anonymous_4)","decl":{"start":{"line":15,"column":5},"end":{"line":15,"column":6}},"loc":{"start":{"line":15,"column":20},"end":{"line":17,"column":1}},"line":15},"5":{"name":"(anonymous_5)","decl":{"start":{"line":18,"column":50},"end":{"line":18,"column":51}},"loc":{"start":{"line":18,"column":65},"end":{"line":24,"column":1}},"line":18},"6":{"name":"solve","decl":{"start":{"line":28,"column":9},"end":{"line":28,"column":14}},"loc":{"start":{"line":28,"column":35},"end":{"line":38,"column":1}},"line":28},"7":{"name":"solveByPearson","decl":{"start":{"line":40,"column":9},"end":{"line":40,"column":23}},"loc":{"start":{"line":40,"column":58},"end":{"line":53,"column":1}},"line":40},"8":{"name":"calculatePearson","decl":{"start":{"line":55,"column":9},"end":{"line":55,"column":25}},"loc":{"start":{"line":55,"column":40},"end":{"line":81,"column":1}},"line":55},"9":{"name":"avgRow","decl":{"start":{"line":83,"column":9},"end":{"line":83,"column":15}},"loc":{"start":{"line":83,"column":36},"end":{"line":95,"column":1}},"line":83},"10":{"name":"neighValue","decl":{"start":{"line":97,"column":9},"end":{"line":97,"column":19}},"loc":{"start":{"line":97,"column":35},"end":{"line":112,"column":1}},"line":97},"11":{"name":"readMatrix","decl":{"start":{"line":114,"column":9},"end":{"line":114,"column":19}},"loc":{"start":{"line":114,"column":26},"end":{"line":147,"column":1}},"line":114}},"branchMap":{"0":{"loc":{"start":{"line":2,"column":22},"end":{"line":12,"column":3}},"type":"binary-expr","locations":[{"start":{"line":2,"column":23},"end":{"line":2,"column":27}},{"start":{"line":2,"column":31},"end":{"line":2,"column":51}},{"start":{"line":2,"column":57},"end":{"line":12,"column":2}}],"line":2},"1":{"loc":{"start":{"line":2,"column":57},"end":{"line":12,"column":2}},"type":"cond-expr","locations":[{"start":{"line":2,"column":74},"end":{"line":9,"column":1}},{"start":{"line":9,"column":6},"end":{"line":12,"column":1}}],"line":2},"2":{"loc":{"start":{"line":3,"column":4},"end":{"line":3,"column":33}},"type":"if","locations":[{"start":{"line":3,"column":4},"end":{"line":3,"column":33}},{"start":{"line":3,"column":4},"end":{"line":3,"column":33}}],"line":3},"3":{"loc":{"start":{"line":5,"column":4},"end":{"line":7,"column":5}},"type":"if","locations":[{"start":{"line":5,"column":4},"end":{"line":7,"column":5}},{"start":{"line":5,"column":4},"end":{"line":7,"column":5}}],"line":5},"4":{"loc":{"start":{"line":5,"column":8},"end":{"line":5,"column":85}},"type":"binary-expr","locations":[{"start":{"line":5,"column":8},"end":{"line":5,"column":13}},{"start":{"line":5,"column":18},"end":{"line":5,"column":84}}],"line":5},"5":{"loc":{"start":{"line":5,"column":18},"end":{"line":5,"column":84}},"type":"cond-expr","locations":[{"start":{"line":5,"column":34},"end":{"line":5,"column":47}},{"start":{"line":5,"column":50},"end":{"line":5,"column":84}}],"line":5},"6":{"loc":{"start":{"line":5,"column":50},"end":{"line":5,"column":84}},"type":"binary-expr","locations":[{"start":{"line":5,"column":50},"end":{"line":5,"column":63}},{"start":{"line":5,"column":67},"end":{"line":5,"column":84}}],"line":5},"7":{"loc":{"start":{"line":10,"column":4},"end":{"line":10,"column":33}},"type":"if","locations":[{"start":{"line":10,"column":4},"end":{"line":10,"column":33}},{"start":{"line":10,"column":4},"end":{"line":10,"column":33}}],"line":10},"8":{"loc":{"start":{"line":13,"column":25},"end":{"line":17,"column":2}},"type":"binary-expr","locations":[{"start":{"line":13,"column":26},"end":{"line":13,"column":30}},{"start":{"line":13,"column":34},"end":{"line":13,"column":57}},{"start":{"line":13,"column":63},"end":{"line":17,"column":1}}],"line":13},"9":{"loc":{"start":{"line":13,"column":63},"end":{"line":17,"column":1}},"type":"cond-expr","locations":[{"start":{"line":13,"column":80},"end":{"line":15,"column":1}},{"start":{"line":15,"column":5},"end":{"line":17,"column":1}}],"line":13},"10":{"loc":{"start":{"line":18,"column":19},"end":{"line":24,"column":1}},"type":"binary-expr","locations":[{"start":{"line":18,"column":20},"end":{"line":18,"column":24}},{"start":{"line":18,"column":28},"end":{"line":18,"column":45}},{"start":{"line":18,"column":50},"end":{"line":24,"column":1}}],"line":18},"11":{"loc":{"start":{"line":19,"column":4},"end":{"line":19,"column":42}},"type":"if","locations":[{"start":{"line":19,"column":4},"end":{"line":19,"column":42}},{"start":{"line":19,"column":4},"end":{"line":19,"column":42}}],"line":19},"12":{"loc":{"start":{"line":19,"column":8},"end":{"line":19,"column":29}},"type":"binary-expr","locations":[{"start":{"line":19,"column":8},"end":{"line":19,"column":11}},{"start":{"line":19,"column":15},"end":{"line":19,"column":29}}],"line":19},"13":{"loc":{"start":{"line":21,"column":4},"end":{"line":21,"column":141}},"type":"if","locations":[{"start":{"line":21,"column":4},"end":{"line":21,"column":141}},{"start":{"line":21,"column":4},"end":{"line":21,"column":141}}],"line":21},"14":{"loc":{"start":{"line":21,"column":40},"end":{"line":21,"column":141}},"type":"if","locations":[{"start":{"line":21,"column":40},"end":{"line":21,"column":141}},{"start":{"line":21,"column":40},"end":{"line":21,"column":141}}],"line":21},"15":{"loc":{"start":{"line":21,"column":44},"end":{"line":21,"column":107}},"type":"binary-expr","locations":[{"start":{"line":21,"column":44},"end":{"line":21,"column":59}},{"start":{"line":21,"column":63},"end":{"line":21,"column":107}}],"line":21},"16":{"loc":{"start":{"line":32,"column":12},"end":{"line":34,"column":13}},"type":"if","locations":[{"start":{"line":32,"column":12},"end":{"line":34,"column":13}},{"start":{"line":32,"column":12},"end":{"line":34,"column":13}}],"line":32},"17":{"loc":{"start":{"line":59,"column":8},"end":{"line":78,"column":9}},"type":"if","locations":[{"start":{"line":59,"column":8},"end":{"line":78,"column":9}},{"start":{"line":59,"column":8},"end":{"line":78,"column":9}}],"line":59},"18":{"loc":{"start":{"line":65,"column":16},"end":{"line":71,"column":17}},"type":"if","locations":[{"start":{"line":65,"column":16},"end":{"line":71,"column":17}},{"start":{"line":65,"column":16},"end":{"line":71,"column":17}}],"line":65},"19":{"loc":{"start":{"line":65,"column":20},"end":{"line":66,"column":52}},"type":"binary-expr","locations":[{"start":{"line":65,"column":20},"end":{"line":65,"column":52}},{"start":{"line":66,"column":20},"end":{"line":66,"column":52}}],"line":65},"20":{"loc":{"start":{"line":83,"column":21},"end":{"line":83,"column":34}},"type":"default-arg","locations":[{"start":{"line":83,"column":31},"end":{"line":83,"column":34}}],"line":83},"21":{"loc":{"start":{"line":87,"column":8},"end":{"line":92,"column":9}},"type":"if","locations":[{"start":{"line":87,"column":8},"end":{"line":92,"column":9}},{"start":{"line":87,"column":8},"end":{"line":92,"column":9}}],"line":87},"22":{"loc":{"start":{"line":87,"column":12},"end":{"line":87,"column":72}},"type":"binary-expr","locations":[{"start":{"line":87,"column":12},"end":{"line":87,"column":38}},{"start":{"line":87,"column":42},"end":{"line":87,"column":72}}],"line":87},"23":{"loc":{"start":{"line":103,"column":12},"end":{"line":106,"column":13}},"type":"if","locations":[{"start":{"line":103,"column":12},"end":{"line":106,"column":13}},{"start":{"line":103,"column":12},"end":{"line":106,"column":13}}],"line":103},"24":{"loc":{"start":{"line":103,"column":16},"end":{"line":103,"column":64}},"type":"binary-expr","locations":[{"start":{"line":103,"column":16},"end":{"line":103,"column":45}},{"start":{"line":103,"column":49},"end":{"line":103,"column":64}}],"line":103},"25":{"loc":{"start":{"line":115,"column":4},"end":{"line":117,"column":5}},"type":"if","locations":[{"start":{"line":115,"column":4},"end":{"line":117,"column":5}},{"start":{"line":115,"column":4},"end":{"line":117,"column":5}}],"line":115},"26":{"loc":{"start":{"line":119,"column":4},"end":{"line":121,"column":5}},"type":"if","locations":[{"start":{"line":119,"column":4},"end":{"line":121,"column":5}},{"start":{"line":119,"column":4},"end":{"line":121,"column":5}}],"line":119},"27":{"loc":{"start":{"line":123,"column":4},"end":{"line":125,"column":5}},"type":"if","locations":[{"start":{"line":123,"column":4},"end":{"line":125,"column":5}},{"start":{"line":123,"column":4},"end":{"line":125,"column":5}}],"line":123},"28":{"loc":{"start":{"line":130,"column":8},"end":{"line":132,"column":9}},"type":"if","locations":[{"start":{"line":130,"column":8},"end":{"line":132,"column":9}},{"start":{"line":130,"column":8},"end":{"line":132,"column":9}}],"line":130},"29":{"loc":{"start":{"line":135,"column":12},"end":{"line":143,"column":13}},"type":"if","locations":[{"start":{"line":135,"column":12},"end":{"line":143,"column":13}},{"start":{"line":135,"column":12},"end":{"line":143,"column":13}}],"line":135},"30":{"loc":{"start":{"line":138,"column":17},"end":{"line":143,"column":13}},"type":"if","locations":[{"start":{"line":138,"column":17},"end":{"line":143,"column":13}},{"start":{"line":138,"column":17},"end":{"line":143,"column":13}}],"line":138}},"s":{"0":1,"1":101,"2":101,"3":101,"4":101,"5":96,"6":11,"7":101,"8":0,"9":0,"10":0,"11":1,"12":1,"13":0,"14":1,"15":1,"16":0,"17":1,"18":1,"19":1,"20":101,"21":101,"22":1,"23":1,"24":1,"25":1,"26":1,"27":2,"28":2,"29":2,"30":10,"31":10,"32":50,"33":4,"34":2,"35":1,"36":5,"37":5,"38":5,"39":5,"40":5,"41":5,"42":5,"43":13,"44":13,"45":13,"46":5,"47":1,"48":6,"49":6,"50":6,"51":6,"52":30,"53":24,"54":24,"55":24,"56":24,"57":24,"58":24,"59":120,"60":93,"61":93,"62":93,"63":24,"64":6,"65":6,"66":1,"67":49,"68":49,"69":49,"70":49,"71":245,"72":206,"73":39,"74":49,"75":1,"76":6,"77":6,"78":6,"79":15,"80":15,"81":15,"82":15,"83":75,"84":20,"85":20,"86":15,"87":15,"88":6,"89":1,"90":6,"91":1,"92":5,"93":5,"94":1,"95":4,"96":4,"97":1,"98":3,"99":3,"100":3,"101":3,"102":8,"103":8,"104":1,"105":7,"106":7,"107":7,"108":35,"109":3,"110":32,"111":31,"112":1,"113":1,"114":1},"f":{"0":101,"1":11,"2":0,"3":1,"4":0,"5":1,"6":2,"7":5,"8":6,"9":49,"10":6,"11":6},"b":{"0":[1,1,1],"1":[1,0],"2":[101,0],"3":[96,5],"4":[101,101],"5":[5,96],"6":[96,5],"7":[0,0],"8":[1,1,1],"9":[1,0],"10":[1,1,1],"11":[0,1],"12":[1,1],"13":[1,0],"14":[101,0],"15":[101,101],"16":[4,46],"17":[24,6],"18":[93,27],"19":[120,117],"20":[25],"21":[206,39],"22":[245,230],"23":[20,55],"24":[75,62],"25":[1,5],"26":[1,4],"27":[1,3],"28":[1,7],"29":[3,32],"30":[31,1]},"inputSourceMap":{"version":3,"file":"C:/Users/gabil/Programación/typescript/filtradoColaborativo/src/functions.ts","sources":["C:/Users/gabil/Programación/typescript/filtradoColaborativo/src/functions.ts"],"names":[],"mappings":";;;;;;;;;;;;;;;;;;;;;;;;;;AAAA,uCAAyB;AAGzB,SAAgB,KAAK,CAAC,MAAmC,EAAE,UAAkB;IAE3E,MAAM,MAAM,GAAgC,MAAM,CAAC;IACnD,KAAK,IAAI,CAAC,GAAG,CAAC,EAAE,CAAC,GAAG,MAAM,CAAC,MAAM,EAAE,CAAC,EAAE,EAAE;QACtC,KAAK,IAAI,CAAC,GAAG,CAAC,EAAE,CAAC,GAAG,MAAM,CAAC,CAAC,CAAC,CAAC,MAAM,EAAE,CAAC,EAAE,EAAE;YACzC,IAAI,MAAM,CAAC,CAAC,CAAC,CAAC,CAAC,CAAC,KAAK,IAAI,EAAE;gBACzB,MAAM,CAAC,CAAC,CAAC,CAAC,CAAC,CAAC,GAAG,MAAM,CAAC,CAAC,CAAC,CAAC,CAAC,CAAC,GAAG,cAAc,CAAC,MAAM,EAAE,CAAC,EAAE,CAAC,EAAE,UAAU,CAAC,CAAC;aACxE;SACF;KACF;IACD,OAAO,MAAM,CAAC;AAChB,CAAC;AAXD,sBAWC;AAED,SAAgB,cAAc,CAAC,MAAmC,EAC9D,CAAS,EAAE,CAAS,EAAE,kBAA0B;IAClD,MAAM,iBAAiB,GACrB,gBAAgB,CAAC,MAAM,EAAE,CAAC,EAAE,CAAC,CAAC,CAAC;IACjC,MAAM,UAAU,GACd,UAAU,CAAC,iBAAiB,EAAE,kBAAkB,CAAC,CAAC;IACpD,MAAM,IAAI,GAAW,MAAM,CAAC,MAAM,CAAC,CAAC,CAAC,CAAC,CAAC;IACvC,IAAI,SAAS,GAAW,CAAC,CAAC;IAC1B,IAAI,WAAW,GAAW,CAAC,CAAC;IAC5B,KAAK,IAAI,CAAC,GAAG,CAAC,EAAE,CAAC,GAAG,UAAU,CAAC,MAAM,EAAE,CAAC,EAAE,EAAE;QAC1C,MAAM,IAAI,GAAW,MAAM,CAAC,MAAM,CAAC,UAAU,CAAC,CAAC,CAAC,CAAC,CAAC,CAAC,CAAC,CAAC,CAAC;QACtD,SAAS;YACP,CAAC,MAAM,CAAC,UAAU,CAAC,CAAC,CAAC,CAAC,CAAC,CAAC,CAAC,CAAC,CAAC,CAAW,GAAG,IAAI,CAAC,GAAG,UAAU,CAAC,CAAC,CAAC,CAAC,CAAC,CAAC,CAAC;QACpE,WAAW,IAAI,IAAI,CAAC,GAAG,CAAC,UAAU,CAAC,CAAC,CAAC,CAAC,CAAC,CAAC,CAAC,CAAC;KAC3C;IACD,OAAO,IAAI,GAAG,CAAC,SAAS,GAAG,WAAW,CAAC,CAAC;AAC1C,CAAC;AAhBD,wCAgBC;AAED,SAAgB,gBAAgB,CAAC,MAAmC,EAChE,CAAS,EAAE,CAAS;IACtB,MAAM,gBAAgB,GAAyB,EAAE,CAAC;IAClD,MAAM,IAAI,GAAW,MAAM,CAAC,MAAM,CAAC,CAAC,CAAC,CAAC,CAAC;IACvC,KAAK,IAAI,CAAC,GAAG,CAAC,EAAE,CAAC,GAAG,MAAM,CAAC,MAAM,EAAE,CAAC,EAAE,EAAE;QACtC,IAAI,CAAC,KAAK,CAAC,EAAE;YACX,MAAM,IAAI,GAAW,MAAM,CAAC,MAAM,CAAC,CAAC,CAAC,EAAE,MAAM,CAAC,CAAC,CAAC,CAAC,CAAC;YAClD,IAAI,SAAS,GAAW,CAAC,CAAC;YAC1B,IAAI,gBAAgB,GAAW,CAAC,CAAC;YACjC,IAAI,iBAAiB,GAAW,CAAC,CAAC;YAClC,KAAK,IAAI,CAAC,GAAG,CAAC,EAAE,CAAC,GAAG,MAAM,CAAC,CAAC,CAAC,CAAC,MAAM,EAAE,CAAC,EAAE,EAAE;gBACzC,IAAI,OAAO,MAAM,CAAC,CAAC,CAAC,CAAC,CAAC,CAAC,KAAK,QAAQ;oBAChC,OAAO,MAAM,CAAC,CAAC,CAAC,CAAC,CAAC,CAAC,KAAK,QAAQ,EAAE;oBACpC,SAAS;wBACP,CAAC,MAAM,CAAC,CAAC,CAAC,CAAC,CAAC,CAAW,GAAG,IAAI,CAAC,GAAG,CAAC,MAAM,CAAC,CAAC,CAAC,CAAC,CAAC,CAAW,GAAG,IAAI,CAAC,CAAC;oBACpE,gBAAgB,IAAI,IAAI,CAAC,GAAG,CAAC,CAAC,MAAM,CAAC,CAAC,CAAC,CAAC,CAAC,CAAW,GAAG,IAAI,CAAC,EAAE,CAAC,CAAC,CAAC;oBACjE,iBAAiB,IAAI,IAAI,CAAC,GAAG,CAAC,CAAC,MAAM,CAAC,CAAC,CAAC,CAAC,CAAC,CAAW,GAAG,IAAI,CAAC,EAAE,CAAC,CAAC,CAAC;iBACnE;aACF;YACD,gBAAgB,CAAC,IAAI,CAAC,SAAS;gBAC/B,CAAC,IAAI,CAAC,IAAI,CAAC,gBAAgB,CAAC,GAAG,IAAI,CAAC,IAAI,CAAC,iBAAiB,CAAC,CAAC,CAAC,CAAC;SAC/D;aAAM;YACL,gBAAgB,CAAC,IAAI,CAAC,IAAI,CAAC,CAAC;SAC7B;KACF;IACD,OAAO,gBAAgB,CAAC;AAC1B,CAAC;AA1BD,4CA0BC;AAED,SAAgB,MAAM,CAAC,GAAyB,EAAE,UAAgC,GAAG;IACnF,IAAI,GAAG,GAAW,CAAC,CAAC;IACpB,IAAI,SAAS,GAAW,CAAC,CAAC;IAE1B,KAAK,IAAI,CAAC,GAAG,CAAC,EAAE,CAAC,GAAG,GAAG,CAAC,MAAM,EAAE,CAAC,EAAE,EAAE;QACnC,IAAI,OAAO,GAAG,CAAC,CAAC,CAAC,KAAK,QAAQ,IAAI,OAAO,OAAO,CAAC,CAAC,CAAC,KAAK,QAAQ,EAAE;YAChE,GAAG,IAAI,GAAG,CAAC,CAAC,CAAW,CAAC;SACzB;aAAM;YACL,SAAS,EAAE,CAAC;SACb;KACF;IACD,OAAO,GAAG,GAAG,CAAC,GAAG,CAAC,MAAM,GAAG,SAAS,CAAC,CAAC;AACxC,CAAC;AAZD,wBAYC;AAED,SAAgB,UAAU,CAAC,MAA4B,EACnD,KAAa;IACf,MAAM,MAAM,GAAuB,EAAE,CAAC,CAAC,iBAAiB;IACxD,KAAK,IAAI,CAAC,GAAG,CAAC,EAAE,CAAC,GAAG,KAAK,EAAE,CAAC,EAAE,EAAE;QAC9B,IAAI,GAAG,GAAW,CAAC,QAAQ,CAAC;QAC5B,IAAI,QAAQ,GAAW,CAAC,CAAC,CAAC;QAC1B,KAAK,IAAI,CAAC,GAAG,CAAC,EAAE,CAAC,GAAG,MAAM,CAAC,MAAM,EAAE,CAAC,EAAE,EAAE;YACtC,IAAI,OAAO,MAAM,CAAC,CAAC,CAAC,KAAK,QAAQ,IAAI,MAAM,CAAC,CAAC,CAAW,GAAG,GAAG,EAAE;gBAC9D,GAAG,GAAG,MAAM,CAAC,CAAC,CAAW,CAAC;gBAC1B,QAAQ,GAAG,CAAC,CAAC;aACd;SACF;QACD,MAAM,CAAC,IAAI,CAAC,CAAC,GAAG,EAAE,QAAQ,CAAC,CAAC,CAAC;QAC7B,MAAM,CAAC,QAAQ,CAAC,GAAG,CAAC,QAAQ,CAAC;KAC9B;IACD,OAAO,MAAM,CAAC;AAChB,CAAC;AAhBD,gCAgBC;AAED,SAAgB,UAAU,CAAC,IAAY;IACrC,IAAI,CAAC,EAAE,CAAC,UAAU,CAAC,IAAI,CAAC,EAAE;QACxB,MAAM,IAAI,KAAK,CAAC,qBAAqB,CAAC,CAAC;KACxC;IACD,MAAM,IAAI,GAAW,EAAE,CAAC,YAAY,CAAC,IAAI,EAAE,MAAM,CAAC,CAAA;IAClD,IAAI,IAAI,KAAK,EAAE,EAAE;QACf,MAAM,IAAI,KAAK,CAAC,eAAe,CAAC,CAAC;KAClC;IACD,MAAM,IAAI,GAAa,IAAI,CAAC,IAAI,EAAE,CAAC,KAAK,CAAC,IAAI,CAAC,CAAC;IAC/C,IAAI,IAAI,CAAC,MAAM,GAAG,CAAC,EAAE;QACnB,MAAM,IAAI,KAAK,CAAC,mCAAmC,CAAC,CAAC;KACtD;IACD,MAAM,MAAM,GAAgC,EAAE,CAAC;IAC/C,MAAM,OAAO,GAAG,IAAI,CAAC,CAAC,CAAC,CAAC,IAAI,EAAE,CAAC,KAAK,CAAC,GAAG,CAAC,CAAC,MAAM,CAAC;IACjD,KAAK,IAAI,CAAC,GAAG,CAAC,EAAE,CAAC,GAAG,IAAI,CAAC,MAAM,EAAE,CAAC,EAAE,EAAE;QACpC,MAAM,IAAI,GAAa,IAAI,CAAC,CAAC,CAAC,CAAC,IAAI,EAAE,CAAC,KAAK,CAAC,GAAG,CAAC,CAAC;QACjD,IAAI,IAAI,CAAC,MAAM,KAAK,OAAO,EAAE;YAC3B,MAAM,IAAI,KAAK,CAAC,sCAAsC,CAAC,CAAC;SACzD;QACD,MAAM,CAAC,IAAI,CAAC,EAAE,CAAC,CAAC;QAChB,KAAK,IAAI,CAAC,GAAG,CAAC,EAAE,CAAC,GAAG,IAAI,CAAC,MAAM,EAAE,CAAC,EAAE,EAAE;YACpC,IAAI,IAAI,CAAC,CAAC,CAAC,KAAK,GAAG,EAAE;gBACnB,MAAM,CAAC,CAAC,CAAC,CAAC,IAAI,CAAC,IAAI,CAAC,CAAC;aACtB;iBAAM,IAAG,CAAC,KAAK,CAAC,MAAM,CAAC,IAAI,CAAC,CAAC,CAAC,CAAC,CAAC,EAAE;gBACjC,MAAM,CAAC,CAAC,CAAC,CAAC,IAAI,CAAC,QAAQ,CAAC,IAAI,CAAC,CAAC,CAAC,EAAE,EAAE,CAAC,CAAC,CAAC;aACvC;iBAAM;gBACL,MAAM,IAAI,KAAK,CAAC,gBAAgB,CAAC,CAAC;aACnC;SACF;KACF;IACD,OAAO,MAAM,CAAC;AAChB,CAAC;AA/BD,gCA+BC","sourcesContent":["import * as fs from 'fs';\r\nimport { argv } from 'process';\r\n\r\nexport function solve(matrix: Array<Array<number | null>>, neighbours: number):\r\n    Array<Array<number | null>> {\r\n  const result: Array<Array<number | null>> = matrix;\r\n  for (let i = 0; i < matrix.length; i++) {\r\n    for (let j = 0; j < matrix[i].length; j++) {\r\n      if (matrix[i][j] === null) {\r\n        matrix[i][j] = result[i][j] = solveByPearson(matrix, i, j, neighbours);\r\n      }\r\n    }\r\n  }\r\n  return result;\r\n}\r\n\r\nexport function solveByPearson(matrix: Array<Array<number | null>>,\r\n    i: number, j: number, numberOfNeighbours: number): number {\r\n  const correlationMatrix: Array<number | null> =\r\n    calculatePearson(matrix, i, j);\r\n  const neighbours: [number, number][] =\r\n    neighValue(correlationMatrix, numberOfNeighbours);\r\n  const avgI: number = avgRow(matrix[i]);\r\n  let numerator: number = 0;\r\n  let denominator: number = 0;\r\n  for (let k = 0; k < neighbours.length; k++) {\r\n    const avgJ: number = avgRow(matrix[neighbours[k][1]]);\r\n    numerator +=\r\n      (matrix[neighbours[k][1]][j] as number - avgJ) * neighbours[k][0];\r\n    denominator += Math.abs(neighbours[k][0]);\r\n  }\r\n  return avgI + (numerator / denominator);\r\n}\r\n\r\nexport function calculatePearson(matrix: Array<Array<number | null>>,\r\n    i: number, j: number): Array<number | null> {\r\n  const correlationArray: Array<number | null> = [];\r\n  const avgI: number = avgRow(matrix[i]);\r\n  for (let k = 0; k < matrix.length; k++) {\r\n    if (k !== i) {\r\n      const avgK: number = avgRow(matrix[k], matrix[i]);\r\n      let numerator: number = 0;\r\n      let denominatorFirst: number = 0;\r\n      let denominatorSecond: number = 0;\r\n      for (let l = 0; l < matrix[k].length; l++) {\r\n        if (typeof matrix[k][l] === 'number' &&\r\n            typeof matrix[i][l] === 'number') {\r\n          numerator +=\r\n            (matrix[k][l] as number - avgK) * (matrix[i][l] as number - avgI);\r\n          denominatorFirst += Math.pow((matrix[k][l] as number - avgK), 2);\r\n          denominatorSecond += Math.pow((matrix[i][l] as number - avgI), 2);\r\n        }\r\n      }\r\n      correlationArray.push(numerator /\r\n      (Math.sqrt(denominatorFirst) * Math.sqrt(denominatorSecond)));\r\n    } else {\r\n      correlationArray.push(null);\r\n    }\r\n  }\r\n  return correlationArray;\r\n}\r\n\r\nexport function avgRow(row: Array<number | null>, baseRow: Array<number | null> = row): number {\r\n  let sum: number = 0;\r\n  let nullCount: number = 0;\r\n\r\n  for (let i = 0; i < row.length; i++) {\r\n    if (typeof row[i] === 'number' && typeof baseRow[i] === 'number') {\r\n      sum += row[i] as number;\r\n    } else {\r\n      nullCount++;\r\n    }\r\n  }\r\n  return sum / (row.length - nullCount);\r\n}\r\n\r\nexport function neighValue(values: Array<number | null>,\r\n    neigh: number): [number, number][] {\r\n  const result: [number, number][] = []; // [value, index]\r\n  for (let i = 0; i < neigh; i++) {\r\n    let max: number = -Infinity;\r\n    let maxIndex: number = -1;\r\n    for (let j = 0; j < values.length; j++) {\r\n      if (typeof values[j] === 'number' && values[j] as number > max) {\r\n        max = values[j] as number;\r\n        maxIndex = j;\r\n      }\r\n    }\r\n    result.push([max, maxIndex]);\r\n    values[maxIndex] = -Infinity;\r\n  }\r\n  return result;\r\n}\r\n\r\nexport function readMatrix(file: string): Array<Array<number | null>> {\r\n  if (!fs.existsSync(file)) {\r\n    throw new Error('File does not exist');\r\n  }\r\n  const data: string = fs.readFileSync(file, 'utf8')\r\n  if (data === '') {\r\n    throw new Error('File is empty');\r\n  }\r\n  const rows: string[] = data.trim().split('\\n');\r\n  if (rows.length < 2) {\r\n    throw new Error('File does not contain enough rows');\r\n  }\r\n  const result: Array<Array<number | null>> = [];\r\n  const rowSize = rows[0].trim().split(' ').length;\r\n  for (let i = 0; i < rows.length; i++) {\r\n    const cols: string[] = rows[i].trim().split(' ');\r\n    if (cols.length !== rowSize) {\r\n      throw new Error('File does not contain a valid matrix');\r\n    }\r\n    result.push([]);\r\n    for (let j = 0; j < cols.length; j++) {\r\n      if (cols[j] === '-') {\r\n        result[i].push(null);\r\n      } else if(!isNaN(Number(cols[j]))) {\r\n        result[i].push(parseInt(cols[j], 10));\r\n      } else {\r\n        throw new Error('Invalid matrix');\r\n      }\r\n    }\r\n  }\r\n  return result;\r\n}"]},"_coverageSchema":"1a1c01bbd47fc00a2c39e90264f33305004495a9","hash":"ce41c42765bc4c04d2de1273f922ec762b2252af","contentHash":"419fa1292a7cc91fcd0be3e86f3b835aba2583f8b8b4d9bc45487286424f3a78"}}