TN:
SF:src\functions.ts
FN:4,solve
FN:17,solveByPearson
FN:35,calculatePearson
FN:63,avgRow
FN:77,neighValue
FN:95,readMatrix
FNF:6
FNH:6
FNDA:2,solve
FNDA:5,solveByPearson
FNDA:6,calculatePearson
FNDA:49,avgRow
FNDA:6,neighValue
FNDA:6,readMatrix
DA:1,1
DA:4,1
DA:6,2
DA:7,2
DA:8,10
DA:9,50
DA:10,4
DA:14,2
DA:17,1
DA:20,5
DA:22,5
DA:23,5
DA:24,5
DA:25,5
DA:26,5
DA:27,13
DA:28,13
DA:30,13
DA:32,5
DA:35,1
DA:37,6
DA:38,6
DA:39,6
DA:40,30
DA:41,24
DA:42,24
DA:43,24
DA:44,24
DA:45,24
DA:46,120
DA:48,93
DA:50,93
DA:51,93
DA:54,24
DA:57,6
DA:60,6
DA:63,1
DA:64,49
DA:65,49
DA:67,49
DA:68,245
DA:69,206
DA:71,39
DA:74,49
DA:77,1
DA:79,6
DA:80,6
DA:81,15
DA:82,15
DA:83,15
DA:84,75
DA:85,20
DA:86,20
DA:89,15
DA:90,15
DA:92,6
DA:95,1
DA:96,6
DA:97,1
DA:99,5
DA:100,5
DA:101,1
DA:103,4
DA:104,4
DA:105,1
DA:107,3
DA:108,3
DA:109,3
DA:110,8
DA:111,8
DA:112,1
DA:114,7
DA:115,7
DA:116,35
DA:117,3
DA:118,32
DA:119,31
DA:121,1
DA:125,1
LF:79
LH:79
BRDA:9,0,0,4
BRDA:9,0,1,46
BRDA:40,1,0,24
BRDA:40,1,1,6
BRDA:46,2,0,93
BRDA:46,2,1,27
BRDA:46,3,0,120
BRDA:46,3,1,117
BRDA:63,4,0,25
BRDA:68,5,0,206
BRDA:68,5,1,39
BRDA:68,6,0,245
BRDA:68,6,1,230
BRDA:84,7,0,20
BRDA:84,7,1,55
BRDA:84,8,0,75
BRDA:84,8,1,62
BRDA:96,9,0,1
BRDA:96,9,1,5
BRDA:100,10,0,1
BRDA:100,10,1,4
BRDA:104,11,0,1
BRDA:104,11,1,3
BRDA:111,12,0,1
BRDA:111,12,1,7
BRDA:116,13,0,3
BRDA:116,13,1,32
BRDA:118,14,0,31
BRDA:118,14,1,1
BRF:29
BRH:29
end_of_record
